<?xml version="1.0" encoding="UTF-8"?>
<testsuite xmlns:xsi="http://www.w3.org/2001/XMLSchema-instance" xsi:noNamespaceSchemaLocation="https://maven.apache.org/surefire/maven-surefire-plugin/xsd/surefire-test-report.xsd" version="3.0.2" name="PersonTest" time="0.26" tests="19" errors="0" skipped="0" failures="6">
  <properties>
    <property name="java.specification.version" value="21"/>
    <property name="sun.cpu.isalist" value="amd64"/>
    <property name="sun.jnu.encoding" value="Cp1252"/>
    <property name="java.class.path" value="C:\Users\hafsa\OneDrive\RMIT\Y2\Software Eng Fundamentals\a4 (team)\SEF-4-1\target\test-classes;C:\Users\hafsa\OneDrive\RMIT\Y2\Software Eng Fundamentals\a4 (team)\SEF-4-1\target\classes;C:\Users\hafsa\.m2\repository\org\junit\jupiter\junit-jupiter-api\5.12.2\junit-jupiter-api-5.12.2.jar;C:\Users\hafsa\.m2\repository\org\opentest4j\opentest4j\1.3.0\opentest4j-1.3.0.jar;C:\Users\hafsa\.m2\repository\org\junit\platform\junit-platform-commons\1.12.2\junit-platform-commons-1.12.2.jar;C:\Users\hafsa\.m2\repository\org\apiguardian\apiguardian-api\1.1.2\apiguardian-api-1.1.2.jar;C:\Users\hafsa\.m2\repository\org\junit\jupiter\junit-jupiter-engine\5.12.2\junit-jupiter-engine-5.12.2.jar;C:\Users\hafsa\.m2\repository\org\junit\platform\junit-platform-engine\1.12.2\junit-platform-engine-1.12.2.jar;"/>
    <property name="java.vm.vendor" value="Oracle Corporation"/>
    <property name="sun.arch.data.model" value="64"/>
    <property name="user.variant" value=""/>
    <property name="java.vendor.url" value="https://java.oracle.com/"/>
    <property name="user.timezone" value="Australia/Sydney"/>
    <property name="os.name" value="Windows 11"/>
    <property name="java.vm.specification.version" value="21"/>
    <property name="sun.java.launcher" value="SUN_STANDARD"/>
    <property name="user.country" value="AU"/>
    <property name="sun.boot.library.path" value="C:\Program Files\Java\jdk-21\bin"/>
    <property name="sun.java.command" value="C:\Users\hafsa\AppData\Local\Temp\surefire5486105380366208914\surefirebooter-20250527085511090_3.jar C:\Users\hafsa\AppData\Local\Temp\surefire5486105380366208914 2025-05-27T08-55-10_770-jvmRun1 surefire-20250527085511090_1tmp surefire_0-20250527085511090_2tmp"/>
    <property name="jdk.debug" value="release"/>
    <property name="surefire.test.class.path" value="C:\Users\hafsa\OneDrive\RMIT\Y2\Software Eng Fundamentals\a4 (team)\SEF-4-1\target\test-classes;C:\Users\hafsa\OneDrive\RMIT\Y2\Software Eng Fundamentals\a4 (team)\SEF-4-1\target\classes;C:\Users\hafsa\.m2\repository\org\junit\jupiter\junit-jupiter-api\5.12.2\junit-jupiter-api-5.12.2.jar;C:\Users\hafsa\.m2\repository\org\opentest4j\opentest4j\1.3.0\opentest4j-1.3.0.jar;C:\Users\hafsa\.m2\repository\org\junit\platform\junit-platform-commons\1.12.2\junit-platform-commons-1.12.2.jar;C:\Users\hafsa\.m2\repository\org\apiguardian\apiguardian-api\1.1.2\apiguardian-api-1.1.2.jar;C:\Users\hafsa\.m2\repository\org\junit\jupiter\junit-jupiter-engine\5.12.2\junit-jupiter-engine-5.12.2.jar;C:\Users\hafsa\.m2\repository\org\junit\platform\junit-platform-engine\1.12.2\junit-platform-engine-1.12.2.jar;"/>
    <property name="sun.cpu.endian" value="little"/>
    <property name="user.home" value="C:\Users\hafsa"/>
    <property name="user.language" value="en"/>
    <property name="java.specification.vendor" value="Oracle Corporation"/>
    <property name="java.version.date" value="2025-01-21"/>
    <property name="java.home" value="C:\Program Files\Java\jdk-21"/>
    <property name="file.separator" value="\"/>
    <property name="basedir" value="C:\Users\hafsa\OneDrive\RMIT\Y2\Software Eng Fundamentals\a4 (team)\SEF-4-1"/>
    <property name="java.vm.compressedOopsMode" value="Zero based"/>
    <property name="line.separator" value="&#10;"/>
    <property name="java.vm.specification.vendor" value="Oracle Corporation"/>
    <property name="java.specification.name" value="Java Platform API Specification"/>
    <property name="surefire.real.class.path" value="C:\Users\hafsa\AppData\Local\Temp\surefire5486105380366208914\surefirebooter-20250527085511090_3.jar"/>
    <property name="user.script" value=""/>
    <property name="sun.management.compiler" value="HotSpot 64-Bit Tiered Compilers"/>
    <property name="java.runtime.version" value="21.0.6+8-LTS-188"/>
    <property name="user.name" value="hafsa"/>
    <property name="stdout.encoding" value="Cp1252"/>
    <property name="path.separator" value=";"/>
    <property name="os.version" value="10.0"/>
    <property name="java.runtime.name" value="Java(TM) SE Runtime Environment"/>
    <property name="file.encoding" value="UTF-8"/>
    <property name="java.vm.name" value="Java HotSpot(TM) 64-Bit Server VM"/>
    <property name="localRepository" value="C:\Users\hafsa\.m2\repository"/>
    <property name="java.vendor.url.bug" value="https://bugreport.java.com/bugreport/"/>
    <property name="java.io.tmpdir" value="C:\Users\hafsa\AppData\Local\Temp\"/>
    <property name="java.version" value="21.0.6"/>
    <property name="user.dir" value="C:\Users\hafsa\OneDrive\RMIT\Y2\Software Eng Fundamentals\a4 (team)\SEF-4-1"/>
    <property name="os.arch" value="amd64"/>
    <property name="java.vm.specification.name" value="Java Virtual Machine Specification"/>
    <property name="sun.os.patch.level" value=""/>
    <property name="native.encoding" value="Cp1252"/>
    <property name="java.library.path" value="C:\Program Files\Java\jdk-21\bin;C:\WINDOWS\Sun\Java\bin;C:\WINDOWS\system32;C:\WINDOWS;C:\Program Files\Common Files\Oracle\Java\javapath;C:\Users\hafsa\apache-maven-3.9.9-bin\bin;C:\Program Files\Eclipse Adoptium\jdk-17.0.15.6-hotspot\bin;C:\WINDOWS\system32;C:\WINDOWS;C:\WINDOWS\System32\Wbem;C:\WINDOWS\System32\WindowsPowerShell\v1.0\;C:\WINDOWS\System32\OpenSSH\;C:\Program Files\dotnet\;C:\Program Files\Git\cmd;C:\Users\hafsa\AppData\Local\Programs\Eclipse Adoptium\jdk-21.0.7.6-hotspot\bin;C:\Users\hafsa\apache-maven-3.9.9-bin\apache-maven-3.9.9\bin;C:\Users\hafsa\AppData\Local\Microsoft\WindowsApps;C:\Users\hafsa\AppData\Local\Programs\Microsoft VS Code\bin;;."/>
    <property name="java.vm.info" value="mixed mode, sharing"/>
    <property name="stderr.encoding" value="Cp1252"/>
    <property name="java.vendor" value="Oracle Corporation"/>
    <property name="java.vm.version" value="21.0.6+8-LTS-188"/>
    <property name="sun.io.unicode.encoding" value="UnicodeLittle"/>
    <property name="java.class.version" value="65.0"/>
  </properties>
  <testcase name="testAddDemeritPoints_FileContainsCorrectData" classname="PersonTest" time="0.068">
    <failure message="expected: &lt;Success&gt; but was: &lt;Failed&gt;" type="org.opentest4j.AssertionFailedError"><![CDATA[org.opentest4j.AssertionFailedError: expected: <Success> but was: <Failed>
	at org.junit.jupiter.api.AssertionFailureBuilder.build(AssertionFailureBuilder.java:151)
	at org.junit.jupiter.api.AssertionFailureBuilder.buildAndThrow(AssertionFailureBuilder.java:132)
	at org.junit.jupiter.api.AssertEquals.failNotEqual(AssertEquals.java:197)
	at org.junit.jupiter.api.AssertEquals.assertEquals(AssertEquals.java:182)
	at org.junit.jupiter.api.AssertEquals.assertEquals(AssertEquals.java:177)
	at org.junit.jupiter.api.Assertions.assertEquals(Assertions.java:1145)
	at PersonTest.testAddDemeritPoints_FileContainsCorrectData(PersonTest.java:166)
	at java.base/java.lang.reflect.Method.invoke(Method.java:580)
	at java.base/java.util.ArrayList.forEach(ArrayList.java:1596)
	at java.base/java.util.ArrayList.forEach(ArrayList.java:1596)
]]></failure>
    <system-out><![CDATA[Person does not exist in the system
]]></system-out>
  </testcase>
  <testcase name="testAddDemeritPoints_NonExistentPerson_ReturnsFailed" classname="PersonTest" time="0.003">
    <system-out><![CDATA[Person does not exist in the system
]]></system-out>
  </testcase>
  <testcase name="testAddPerson_birthdateConditions_ReturnsFailed" classname="PersonTest" time="0.004"/>
  <testcase name="testAddDemeritPoints_ValidData_ReturnsSuccess" classname="PersonTest" time="0.005">
    <failure message="addDemeritPoints should return &apos;Success&apos; for valid data ==&gt; expected: &lt;Success&gt; but was: &lt;Failed&gt;" type="org.opentest4j.AssertionFailedError"><![CDATA[org.opentest4j.AssertionFailedError: addDemeritPoints should return 'Success' for valid data ==> expected: <Success> but was: <Failed>
	at org.junit.jupiter.api.AssertionFailureBuilder.build(AssertionFailureBuilder.java:151)
	at org.junit.jupiter.api.AssertionFailureBuilder.buildAndThrow(AssertionFailureBuilder.java:132)
	at org.junit.jupiter.api.AssertEquals.failNotEqual(AssertEquals.java:197)
	at org.junit.jupiter.api.AssertEquals.assertEquals(AssertEquals.java:182)
	at org.junit.jupiter.api.Assertions.assertEquals(Assertions.java:1156)
	at PersonTest.testAddDemeritPoints_ValidData_ReturnsSuccess(PersonTest.java:64)
	at java.base/java.lang.reflect.Method.invoke(Method.java:580)
	at java.base/java.util.ArrayList.forEach(ArrayList.java:1596)
	at java.base/java.util.ArrayList.forEach(ArrayList.java:1596)
]]></failure>
    <system-out><![CDATA[Person does not exist in the system
]]></system-out>
  </testcase>
  <testcase name="testAddPerson_personIDConditions_ReturnsFailed" classname="PersonTest" time="0.003"/>
  <testcase name="testAddDemeritPoints_EmptyDate_ReturnsFailed" classname="PersonTest" time="0.003">
    <system-out><![CDATA[Invalid offense date format. Expected DD-MM-YYYY
Invalid offense date format. Expected DD-MM-YYYY
]]></system-out>
  </testcase>
  <testcase name="testAddDemeritPoints_BoundaryPoints" classname="PersonTest" time="0.006">
    <failure message="1 point should be valid ==&gt; expected: &lt;Success&gt; but was: &lt;Failed&gt;" type="org.opentest4j.AssertionFailedError"><![CDATA[org.opentest4j.AssertionFailedError: 1 point should be valid ==> expected: <Success> but was: <Failed>
	at org.junit.jupiter.api.AssertionFailureBuilder.build(AssertionFailureBuilder.java:151)
	at org.junit.jupiter.api.AssertionFailureBuilder.buildAndThrow(AssertionFailureBuilder.java:132)
	at org.junit.jupiter.api.AssertEquals.failNotEqual(AssertEquals.java:197)
	at org.junit.jupiter.api.AssertEquals.assertEquals(AssertEquals.java:182)
	at org.junit.jupiter.api.Assertions.assertEquals(Assertions.java:1156)
	at PersonTest.testAddDemeritPoints_BoundaryPoints(PersonTest.java:223)
	at java.base/java.lang.reflect.Method.invoke(Method.java:580)
	at java.base/java.util.ArrayList.forEach(ArrayList.java:1596)
	at java.base/java.util.ArrayList.forEach(ArrayList.java:1596)
]]></failure>
    <system-out><![CDATA[Person does not exist in the system
]]></system-out>
  </testcase>
  <testcase name="testUpdatePersonalDetails_Under18CannotChangeAddress" classname="PersonTest" time="0.004"/>
  <testcase name="testAddPerson_TooLongPersonID_ReturnsFailed" classname="PersonTest" time="0.005"/>
  <testcase name="testUpdateFailsWhenLastNameChangesWithBirthdate" classname="PersonTest" time="0.004"/>
  <testcase name="testAddDemeritPoints_InvalidPointsRange_ReturnsFailed" classname="PersonTest" time="0.004">
    <system-out><![CDATA[Demerit points must be between 1-6
]]></system-out>
  </testcase>
  <testcase name="testUpdatePersonalDetails_InvalidAddressFormat" classname="PersonTest" time="0.003"/>
  <testcase name="testUpdatePersonalDetails_EvenFirstDigitCannotChangeID" classname="PersonTest" time="0.004"/>
  <testcase name="testAddDemeritPoints_InvalidDateFormat_ReturnsFailed" classname="PersonTest" time="0.005">
    <system-out><![CDATA[Invalid offense date format. Expected DD-MM-YYYY
]]></system-out>
  </testcase>
  <testcase name="testAddDemeritPoints_Over21SuspensionThreshold" classname="PersonTest" time="0.007">
    <failure message="expected: &lt;Success&gt; but was: &lt;Failed&gt;" type="org.opentest4j.AssertionFailedError"><![CDATA[org.opentest4j.AssertionFailedError: expected: <Success> but was: <Failed>
	at org.junit.jupiter.api.AssertionFailureBuilder.build(AssertionFailureBuilder.java:151)
	at org.junit.jupiter.api.AssertionFailureBuilder.buildAndThrow(AssertionFailureBuilder.java:132)
	at org.junit.jupiter.api.AssertEquals.failNotEqual(AssertEquals.java:197)
	at org.junit.jupiter.api.AssertEquals.assertEquals(AssertEquals.java:182)
	at org.junit.jupiter.api.AssertEquals.assertEquals(AssertEquals.java:177)
	at org.junit.jupiter.api.Assertions.assertEquals(Assertions.java:1145)
	at PersonTest.testAddDemeritPoints_Over21SuspensionThreshold(PersonTest.java:194)
	at java.base/java.lang.reflect.Method.invoke(Method.java:580)
	at java.base/java.util.ArrayList.forEach(ArrayList.java:1596)
	at java.base/java.util.ArrayList.forEach(ArrayList.java:1596)
]]></failure>
    <system-out><![CDATA[Person does not exist in the system
Person does not exist in the system
]]></system-out>
  </testcase>
  <testcase name="testAddDemeritPoints_Under21Suspension_SetsCorrectSuspension" classname="PersonTest" time="0.007">
    <failure message="First demerit points addition should succeed ==&gt; expected: &lt;Success&gt; but was: &lt;Failed&gt;" type="org.opentest4j.AssertionFailedError"><![CDATA[org.opentest4j.AssertionFailedError: First demerit points addition should succeed ==> expected: <Success> but was: <Failed>
	at org.junit.jupiter.api.AssertionFailureBuilder.build(AssertionFailureBuilder.java:151)
	at org.junit.jupiter.api.AssertionFailureBuilder.buildAndThrow(AssertionFailureBuilder.java:132)
	at org.junit.jupiter.api.AssertEquals.failNotEqual(AssertEquals.java:197)
	at org.junit.jupiter.api.AssertEquals.assertEquals(AssertEquals.java:182)
	at org.junit.jupiter.api.Assertions.assertEquals(Assertions.java:1156)
	at PersonTest.testAddDemeritPoints_Under21Suspension_SetsCorrectSuspension(PersonTest.java:126)
	at java.base/java.lang.reflect.Method.invoke(Method.java:580)
	at java.base/java.util.ArrayList.forEach(ArrayList.java:1596)
	at java.base/java.util.ArrayList.forEach(ArrayList.java:1596)
]]></failure>
    <system-out><![CDATA[Person does not exist in the system
Person does not exist in the system
]]></system-out>
  </testcase>
  <testcase name="testAddPerson_ValidData_ReturnsSuccess" classname="PersonTest" time="0.007">
    <failure message="addPerson should return true for valid person data ==&gt; expected: &lt;true&gt; but was: &lt;false&gt;" type="org.opentest4j.AssertionFailedError"><![CDATA[org.opentest4j.AssertionFailedError: addPerson should return true for valid person data ==> expected: <true> but was: <false>
	at org.junit.jupiter.api.AssertionFailureBuilder.build(AssertionFailureBuilder.java:151)
	at org.junit.jupiter.api.AssertionFailureBuilder.buildAndThrow(AssertionFailureBuilder.java:132)
	at org.junit.jupiter.api.AssertTrue.failNotTrue(AssertTrue.java:63)
	at org.junit.jupiter.api.AssertTrue.assertTrue(AssertTrue.java:36)
	at org.junit.jupiter.api.Assertions.assertTrue(Assertions.java:214)
	at PersonTest.testAddPerson_ValidData_ReturnsSuccess(PersonTest.java:299)
	at java.base/java.lang.reflect.Method.invoke(Method.java:580)
	at java.base/java.util.ArrayList.forEach(ArrayList.java:1596)
	at java.base/java.util.ArrayList.forEach(ArrayList.java:1596)
]]></failure>
  </testcase>
  <testcase name="testAddPerson_addressConditions_ReturnsFailed" classname="PersonTest" time="0.002"/>
  <testcase name="testUpdatePersonalDetails_NoChanges" classname="PersonTest" time="0.004"/>
</testsuite>