<?xml version="1.0" encoding="UTF-8"?>
<testsuite xmlns:xsi="http://www.w3.org/2001/XMLSchema-instance" xsi:noNamespaceSchemaLocation="https://maven.apache.org/surefire/maven-surefire-plugin/xsd/surefire-test-report.xsd" version="3.0.2" name="PersonTest" time="0.26" tests="19" errors="0" skipped="0" failures="6">
  <properties>
[...]
</properties>
  <testcase name="testAddDemeritPoints_FileContainsCorrectData" classname="PersonTest" time="0.068">
    <failure message="expected: &lt;Success&gt; but was: &lt;Failed&gt;" type="org.opentest4j.AssertionFailedError"><![CDATA[org.opentest4j.AssertionFailedError: expected: <Success> but was: <Failed>
	at org.junit.jupiter.api.AssertionFailureBuilder.build(AssertionFailureBuilder.java:151)
	at org.junit.jupiter.api.AssertionFailureBuilder.buildAndThrow(AssertionFailureBuilder.java:132)
	at org.junit.jupiter.api.AssertEquals.failNotEqual(AssertEquals.java:197)
	at org.junit.jupiter.api.AssertEquals.assertEquals(AssertEquals.java:182)
	at org.junit.jupiter.api.AssertEquals.assertEquals(AssertEquals.java:177)
	at org.junit.jupiter.api.Assertions.assertEquals(Assertions.java:1145)
	at PersonTest.testAddDemeritPoints_FileContainsCorrectData(PersonTest.java:166)
	at java.base/java.lang.reflect.Method.invoke(Method.java:580)
	at java.base/java.util.ArrayList.forEach(ArrayList.java:1596)
	at java.base/java.util.ArrayList.forEach(ArrayList.java:1596)
]]></failure>
    <system-out><![CDATA[Person does not exist in the system
]]></system-out>
  </testcase>
  <testcase name="testAddDemeritPoints_NonExistentPerson_ReturnsFailed" classname="PersonTest" time="0.003">
    <system-out><![CDATA[Person does not exist in the system
]]></system-out>
  </testcase>
  <testcase name="testAddPerson_birthdateConditions_ReturnsFailed" classname="PersonTest" time="0.004"/>
  <testcase name="testAddDemeritPoints_ValidData_ReturnsSuccess" classname="PersonTest" time="0.005">
    <failure message="addDemeritPoints should return &apos;Success&apos; for valid data ==&gt; expected: &lt;Success&gt; but was: &lt;Failed&gt;" type="org.opentest4j.AssertionFailedError"><![CDATA[org.opentest4j.AssertionFailedError: addDemeritPoints should return 'Success' for valid data ==> expected: <Success> but was: <Failed>
	at org.junit.jupiter.api.AssertionFailureBuilder.build(AssertionFailureBuilder.java:151)
	at org.junit.jupiter.api.AssertionFailureBuilder.buildAndThrow(AssertionFailureBuilder.java:132)
	at org.junit.jupiter.api.AssertEquals.failNotEqual(AssertEquals.java:197)
	at org.junit.jupiter.api.AssertEquals.assertEquals(AssertEquals.java:182)
	at org.junit.jupiter.api.Assertions.assertEquals(Assertions.java:1156)
	at PersonTest.testAddDemeritPoints_ValidData_ReturnsSuccess(PersonTest.java:64)
	at java.base/java.lang.reflect.Method.invoke(Method.java:580)
	at java.base/java.util.ArrayList.forEach(ArrayList.java:1596)
	at java.base/java.util.ArrayList.forEach(ArrayList.java:1596)
]]></failure>
    <system-out><![CDATA[Person does not exist in the system
]]></system-out>
  </testcase>
  <testcase name="testAddPerson_personIDConditions_ReturnsFailed" classname="PersonTest" time="0.003"/>
  <testcase name="testAddDemeritPoints_EmptyDate_ReturnsFailed" classname="PersonTest" time="0.003">
    <system-out><![CDATA[Invalid offense date format. Expected DD-MM-YYYY
Invalid offense date format. Expected DD-MM-YYYY
]]></system-out>
  </testcase>
  <testcase name="testAddDemeritPoints_BoundaryPoints" classname="PersonTest" time="0.006">
    <failure message="1 point should be valid ==&gt; expected: &lt;Success&gt; but was: &lt;Failed&gt;" type="org.opentest4j.AssertionFailedError"><![CDATA[org.opentest4j.AssertionFailedError: 1 point should be valid ==> expected: <Success> but was: <Failed>
	at org.junit.jupiter.api.AssertionFailureBuilder.build(AssertionFailureBuilder.java:151)
	at org.junit.jupiter.api.AssertionFailureBuilder.buildAndThrow(AssertionFailureBuilder.java:132)
	at org.junit.jupiter.api.AssertEquals.failNotEqual(AssertEquals.java:197)
	at org.junit.jupiter.api.AssertEquals.assertEquals(AssertEquals.java:182)
	at org.junit.jupiter.api.Assertions.assertEquals(Assertions.java:1156)
	at PersonTest.testAddDemeritPoints_BoundaryPoints(PersonTest.java:223)
	at java.base/java.lang.reflect.Method.invoke(Method.java:580)
	at java.base/java.util.ArrayList.forEach(ArrayList.java:1596)
	at java.base/java.util.ArrayList.forEach(ArrayList.java:1596)
]]></failure>
    <system-out><![CDATA[Person does not exist in the system
]]></system-out>
  </testcase>
  <testcase name="testUpdatePersonalDetails_Under18CannotChangeAddress" classname="PersonTest" time="0.004"/>
  <testcase name="testAddPerson_TooLongPersonID_ReturnsFailed" classname="PersonTest" time="0.005"/>
  <testcase name="testUpdateFailsWhenLastNameChangesWithBirthdate" classname="PersonTest" time="0.004"/>
  <testcase name="testAddDemeritPoints_InvalidPointsRange_ReturnsFailed" classname="PersonTest" time="0.004">
    <system-out><![CDATA[Demerit points must be between 1-6
]]></system-out>
  </testcase>
  <testcase name="testUpdatePersonalDetails_InvalidAddressFormat" classname="PersonTest" time="0.003"/>
  <testcase name="testUpdatePersonalDetails_EvenFirstDigitCannotChangeID" classname="PersonTest" time="0.004"/>
  <testcase name="testAddDemeritPoints_InvalidDateFormat_ReturnsFailed" classname="PersonTest" time="0.005">
    <system-out><![CDATA[Invalid offense date format. Expected DD-MM-YYYY
]]></system-out>
  </testcase>
  <testcase name="testAddDemeritPoints_Over21SuspensionThreshold" classname="PersonTest" time="0.007">
    <failure message="expected: &lt;Success&gt; but was: &lt;Failed&gt;" type="org.opentest4j.AssertionFailedError"><![CDATA[org.opentest4j.AssertionFailedError: expected: <Success> but was: <Failed>
	at org.junit.jupiter.api.AssertionFailureBuilder.build(AssertionFailureBuilder.java:151)
	at org.junit.jupiter.api.AssertionFailureBuilder.buildAndThrow(AssertionFailureBuilder.java:132)
	at org.junit.jupiter.api.AssertEquals.failNotEqual(AssertEquals.java:197)
	at org.junit.jupiter.api.AssertEquals.assertEquals(AssertEquals.java:182)
	at org.junit.jupiter.api.AssertEquals.assertEquals(AssertEquals.java:177)
	at org.junit.jupiter.api.Assertions.assertEquals(Assertions.java:1145)
	at PersonTest.testAddDemeritPoints_Over21SuspensionThreshold(PersonTest.java:194)
	at java.base/java.lang.reflect.Method.invoke(Method.java:580)
	at java.base/java.util.ArrayList.forEach(ArrayList.java:1596)
	at java.base/java.util.ArrayList.forEach(ArrayList.java:1596)
]]></failure>
    <system-out><![CDATA[Person does not exist in the system
Person does not exist in the system
]]></system-out>
  </testcase>
  <testcase name="testAddDemeritPoints_Under21Suspension_SetsCorrectSuspension" classname="PersonTest" time="0.007">
    <failure message="First demerit points addition should succeed ==&gt; expected: &lt;Success&gt; but was: &lt;Failed&gt;" type="org.opentest4j.AssertionFailedError"><![CDATA[org.opentest4j.AssertionFailedError: First demerit points addition should succeed ==> expected: <Success> but was: <Failed>
	at org.junit.jupiter.api.AssertionFailureBuilder.build(AssertionFailureBuilder.java:151)
	at org.junit.jupiter.api.AssertionFailureBuilder.buildAndThrow(AssertionFailureBuilder.java:132)
	at org.junit.jupiter.api.AssertEquals.failNotEqual(AssertEquals.java:197)
	at org.junit.jupiter.api.AssertEquals.assertEquals(AssertEquals.java:182)
	at org.junit.jupiter.api.Assertions.assertEquals(Assertions.java:1156)
	at PersonTest.testAddDemeritPoints_Under21Suspension_SetsCorrectSuspension(PersonTest.java:126)
	at java.base/java.lang.reflect.Method.invoke(Method.java:580)
	at java.base/java.util.ArrayList.forEach(ArrayList.java:1596)
	at java.base/java.util.ArrayList.forEach(ArrayList.java:1596)
]]></failure>
    <system-out><![CDATA[Person does not exist in the system
Person does not exist in the system
]]></system-out>
  </testcase>
  <testcase name="testAddPerson_ValidData_ReturnsSuccess" classname="PersonTest" time="0.007">
    <failure message="addPerson should return true for valid person data ==&gt; expected: &lt;true&gt; but was: &lt;false&gt;" type="org.opentest4j.AssertionFailedError"><![CDATA[org.opentest4j.AssertionFailedError: addPerson should return true for valid person data ==> expected: <true> but was: <false>
	at org.junit.jupiter.api.AssertionFailureBuilder.build(AssertionFailureBuilder.java:151)
	at org.junit.jupiter.api.AssertionFailureBuilder.buildAndThrow(AssertionFailureBuilder.java:132)
	at org.junit.jupiter.api.AssertTrue.failNotTrue(AssertTrue.java:63)
	at org.junit.jupiter.api.AssertTrue.assertTrue(AssertTrue.java:36)
	at org.junit.jupiter.api.Assertions.assertTrue(Assertions.java:214)
	at PersonTest.testAddPerson_ValidData_ReturnsSuccess(PersonTest.java:299)
	at java.base/java.lang.reflect.Method.invoke(Method.java:580)
	at java.base/java.util.ArrayList.forEach(ArrayList.java:1596)
	at java.base/java.util.ArrayList.forEach(ArrayList.java:1596)
]]></failure>
  </testcase>
  <testcase name="testAddPerson_addressConditions_ReturnsFailed" classname="PersonTest" time="0.002"/>
  <testcase name="testUpdatePersonalDetails_NoChanges" classname="PersonTest" time="0.004"/>
</testsuite>